{"/Users/carlosarenas/nuclio/2024/test/test-example/src/components/filteredList/filteredList.jsx": {"path":"/Users/carlosarenas/nuclio/2024/test/test-example/src/components/filteredList/filteredList.jsx","statementMap":{"0":{"start":{"line":4,"column":21},"end":{"line":26,"column":1}},"1":{"start":{"line":5,"column":30},"end":{"line":5,"column":42}},"2":{"start":{"line":7,"column":24},"end":{"line":9,"column":3}},"3":{"start":{"line":8,"column":4},"end":{"line":8,"column":53}},"4":{"start":{"line":11,"column":2},"end":{"line":25,"column":4}},"5":{"start":{"line":17,"column":25},"end":{"line":17,"column":50}},"6":{"start":{"line":21,"column":10},"end":{"line":21,"column":37}}},"fnMap":{"0":{"name":"(anonymous_0)","decl":{"start":{"line":4,"column":21},"end":{"line":4,"column":22}},"loc":{"start":{"line":4,"column":36},"end":{"line":26,"column":1}},"line":4},"1":{"name":"(anonymous_1)","decl":{"start":{"line":7,"column":37},"end":{"line":7,"column":38}},"loc":{"start":{"line":8,"column":4},"end":{"line":8,"column":53}},"line":8},"2":{"name":"(anonymous_2)","decl":{"start":{"line":17,"column":18},"end":{"line":17,"column":19}},"loc":{"start":{"line":17,"column":25},"end":{"line":17,"column":50}},"line":17},"3":{"name":"(anonymous_3)","decl":{"start":{"line":20,"column":27},"end":{"line":20,"column":28}},"loc":{"start":{"line":21,"column":10},"end":{"line":21,"column":37}},"line":21}},"branchMap":{},"s":{"0":1,"1":3,"2":3,"3":12,"4":3,"5":2,"6":10},"f":{"0":3,"1":12,"2":2,"3":10},"b":{},"_coverageSchema":"1a1c01bbd47fc00a2c39e90264f33305004495a9","hash":"74a95ee7bc9f2d1a5ad23a3f30a7b73f4a3efef0"}
,"/Users/carlosarenas/nuclio/2024/test/test-example/src/components/greetingForm/greetingForm.jsx": {"path":"/Users/carlosarenas/nuclio/2024/test/test-example/src/components/greetingForm/greetingForm.jsx","statementMap":{"0":{"start":{"line":4,"column":21},"end":{"line":28,"column":1}},"1":{"start":{"line":5,"column":26},"end":{"line":5,"column":38}},"2":{"start":{"line":6,"column":34},"end":{"line":6,"column":46}},"3":{"start":{"line":8,"column":23},"end":{"line":11,"column":3}},"4":{"start":{"line":9,"column":4},"end":{"line":9,"column":27}},"5":{"start":{"line":10,"column":4},"end":{"line":10,"column":35}},"6":{"start":{"line":13,"column":2},"end":{"line":27,"column":4}},"7":{"start":{"line":21,"column":27},"end":{"line":21,"column":50}}},"fnMap":{"0":{"name":"(anonymous_0)","decl":{"start":{"line":4,"column":21},"end":{"line":4,"column":22}},"loc":{"start":{"line":4,"column":27},"end":{"line":28,"column":1}},"line":4},"1":{"name":"(anonymous_1)","decl":{"start":{"line":8,"column":23},"end":{"line":8,"column":24}},"loc":{"start":{"line":8,"column":34},"end":{"line":11,"column":3}},"line":8},"2":{"name":"(anonymous_2)","decl":{"start":{"line":21,"column":20},"end":{"line":21,"column":21}},"loc":{"start":{"line":21,"column":27},"end":{"line":21,"column":50}},"line":21}},"branchMap":{"0":{"loc":{"start":{"line":25,"column":7},"end":{"line":25,"column":36}},"type":"binary-expr","locations":[{"start":{"line":25,"column":7},"end":{"line":25,"column":15}},{"start":{"line":25,"column":19},"end":{"line":25,"column":36}}],"line":25}},"s":{"0":1,"1":3,"2":3,"3":3,"4":1,"5":1,"6":3,"7":1},"f":{"0":3,"1":1,"2":1},"b":{"0":[3,1]},"_coverageSchema":"1a1c01bbd47fc00a2c39e90264f33305004495a9","hash":"419bc3270aa42cff5df4e1b6a09c367cf777f994"}
,"/Users/carlosarenas/nuclio/2024/test/test-example/src/components/helloWorld/HelloWorld.jsx": {"path":"/Users/carlosarenas/nuclio/2024/test/test-example/src/components/helloWorld/HelloWorld.jsx","statementMap":{"0":{"start":{"line":3,"column":15},"end":{"line":5,"column":1}},"1":{"start":{"line":4,"column":2},"end":{"line":4,"column":55}},"2":{"start":{"line":7,"column":19},"end":{"line":9,"column":1}},"3":{"start":{"line":8,"column":2},"end":{"line":8,"column":34}}},"fnMap":{"0":{"name":"(anonymous_0)","decl":{"start":{"line":3,"column":15},"end":{"line":3,"column":16}},"loc":{"start":{"line":3,"column":42},"end":{"line":5,"column":1}},"line":3},"1":{"name":"(anonymous_1)","decl":{"start":{"line":7,"column":19},"end":{"line":7,"column":20}},"loc":{"start":{"line":7,"column":25},"end":{"line":9,"column":1}},"line":7}},"branchMap":{},"s":{"0":1,"1":0,"2":1,"3":1},"f":{"0":0,"1":1},"b":{},"_coverageSchema":"1a1c01bbd47fc00a2c39e90264f33305004495a9","hash":"373c7e3943cc3eea84c1e0721096f806147b8862"}
,"/Users/carlosarenas/nuclio/2024/test/test-example/src/components/todoList/todoList.jsx": {"path":"/Users/carlosarenas/nuclio/2024/test/test-example/src/components/todoList/todoList.jsx","statementMap":{"0":{"start":{"line":3,"column":17},"end":{"line":27,"column":1}},"1":{"start":{"line":4,"column":28},"end":{"line":4,"column":67}},"2":{"start":{"line":5,"column":32},"end":{"line":5,"column":44}},"3":{"start":{"line":7,"column":18},"end":{"line":10,"column":3}},"4":{"start":{"line":8,"column":4},"end":{"line":8,"column":34}},"5":{"start":{"line":9,"column":4},"end":{"line":9,"column":19}},"6":{"start":{"line":12,"column":2},"end":{"line":26,"column":4}},"7":{"start":{"line":16,"column":10},"end":{"line":16,"column":37}},"8":{"start":{"line":22,"column":25},"end":{"line":22,"column":51}}},"fnMap":{"0":{"name":"(anonymous_0)","decl":{"start":{"line":3,"column":17},"end":{"line":3,"column":18}},"loc":{"start":{"line":3,"column":23},"end":{"line":27,"column":1}},"line":3},"1":{"name":"(anonymous_1)","decl":{"start":{"line":7,"column":18},"end":{"line":7,"column":19}},"loc":{"start":{"line":7,"column":24},"end":{"line":10,"column":3}},"line":7},"2":{"name":"(anonymous_2)","decl":{"start":{"line":15,"column":19},"end":{"line":15,"column":20}},"loc":{"start":{"line":16,"column":10},"end":{"line":16,"column":37}},"line":16},"3":{"name":"(anonymous_3)","decl":{"start":{"line":22,"column":18},"end":{"line":22,"column":19}},"loc":{"start":{"line":22,"column":25},"end":{"line":22,"column":51}},"line":22}},"branchMap":{},"s":{"0":1,"1":4,"2":4,"3":4,"4":1,"5":1,"6":4,"7":9,"8":1},"f":{"0":4,"1":1,"2":9,"3":1},"b":{},"_coverageSchema":"1a1c01bbd47fc00a2c39e90264f33305004495a9","hash":"74add6d433beea422a4b44b26a30571386b84fac"}
,"/Users/carlosarenas/nuclio/2024/test/test-example/src/components/toggleDetails/toggleDetails.jsx": {"path":"/Users/carlosarenas/nuclio/2024/test/test-example/src/components/toggleDetails/toggleDetails.jsx","statementMap":{"0":{"start":{"line":4,"column":22},"end":{"line":15,"column":1}},"1":{"start":{"line":5,"column":40},"end":{"line":5,"column":55}},"2":{"start":{"line":7,"column":2},"end":{"line":14,"column":4}},"3":{"start":{"line":9,"column":29},"end":{"line":9,"column":60}},"4":{"start":{"line":9,"column":54},"end":{"line":9,"column":59}}},"fnMap":{"0":{"name":"(anonymous_0)","decl":{"start":{"line":4,"column":22},"end":{"line":4,"column":23}},"loc":{"start":{"line":4,"column":28},"end":{"line":15,"column":1}},"line":4},"1":{"name":"(anonymous_1)","decl":{"start":{"line":9,"column":23},"end":{"line":9,"column":24}},"loc":{"start":{"line":9,"column":29},"end":{"line":9,"column":60}},"line":9},"2":{"name":"(anonymous_2)","decl":{"start":{"line":9,"column":44},"end":{"line":9,"column":45}},"loc":{"start":{"line":9,"column":54},"end":{"line":9,"column":59}},"line":9}},"branchMap":{"0":{"loc":{"start":{"line":10,"column":9},"end":{"line":10,"column":38}},"type":"cond-expr","locations":[{"start":{"line":10,"column":23},"end":{"line":10,"column":29}},{"start":{"line":10,"column":32},"end":{"line":10,"column":38}}],"line":10},"1":{"loc":{"start":{"line":12,"column":7},"end":{"line":12,"column":53}},"type":"binary-expr","locations":[{"start":{"line":12,"column":7},"end":{"line":12,"column":18}},{"start":{"line":12,"column":22},"end":{"line":12,"column":53}}],"line":12}},"s":{"0":1,"1":3,"2":3,"3":2,"4":2},"f":{"0":3,"1":2,"2":2},"b":{"0":[1,2],"1":[3,1]},"_coverageSchema":"1a1c01bbd47fc00a2c39e90264f33305004495a9","hash":"e206b2825e2e9b1c9be03a219b540a404428bacf"}
,"/Users/carlosarenas/nuclio/2024/test/test-example/src/components/userList/userList.jsx": {"path":"/Users/carlosarenas/nuclio/2024/test/test-example/src/components/userList/userList.jsx","statementMap":{"0":{"start":{"line":4,"column":17},"end":{"line":28,"column":1}},"1":{"start":{"line":5,"column":28},"end":{"line":5,"column":40}},"2":{"start":{"line":6,"column":32},"end":{"line":6,"column":46}},"3":{"start":{"line":8,"column":2},"end":{"line":15,"column":9}},"4":{"start":{"line":9,"column":4},"end":{"line":14,"column":9}},"5":{"start":{"line":10,"column":26},"end":{"line":10,"column":41}},"6":{"start":{"line":12,"column":8},"end":{"line":12,"column":23}},"7":{"start":{"line":13,"column":8},"end":{"line":13,"column":26}},"8":{"start":{"line":17,"column":2},"end":{"line":19,"column":3}},"9":{"start":{"line":18,"column":4},"end":{"line":18,"column":33}},"10":{"start":{"line":21,"column":2},"end":{"line":27,"column":4}},"11":{"start":{"line":24,"column":8},"end":{"line":24,"column":42}}},"fnMap":{"0":{"name":"(anonymous_0)","decl":{"start":{"line":4,"column":17},"end":{"line":4,"column":18}},"loc":{"start":{"line":4,"column":23},"end":{"line":28,"column":1}},"line":4},"1":{"name":"(anonymous_1)","decl":{"start":{"line":8,"column":12},"end":{"line":8,"column":13}},"loc":{"start":{"line":8,"column":18},"end":{"line":15,"column":3}},"line":8},"2":{"name":"(anonymous_2)","decl":{"start":{"line":10,"column":12},"end":{"line":10,"column":13}},"loc":{"start":{"line":10,"column":26},"end":{"line":10,"column":41}},"line":10},"3":{"name":"(anonymous_3)","decl":{"start":{"line":11,"column":12},"end":{"line":11,"column":13}},"loc":{"start":{"line":11,"column":22},"end":{"line":14,"column":7}},"line":11},"4":{"name":"(anonymous_4)","decl":{"start":{"line":23,"column":17},"end":{"line":23,"column":18}},"loc":{"start":{"line":24,"column":8},"end":{"line":24,"column":42}},"line":24}},"branchMap":{"0":{"loc":{"start":{"line":17,"column":2},"end":{"line":19,"column":3}},"type":"if","locations":[{"start":{"line":17,"column":2},"end":{"line":19,"column":3}},{"start":{},"end":{}}],"line":17}},"s":{"0":1,"1":2,"2":2,"3":2,"4":1,"5":1,"6":1,"7":1,"8":2,"9":1,"10":1,"11":1},"f":{"0":2,"1":1,"2":1,"3":1,"4":1},"b":{"0":[1,1]},"_coverageSchema":"1a1c01bbd47fc00a2c39e90264f33305004495a9","hash":"60fbf5653b2d2d33f26b4d097353c25405fceaa9"}
}
