TN:
SF:src/components/filteredList/filteredList.jsx
FN:4,(anonymous_0)
FN:7,(anonymous_1)
FN:17,(anonymous_2)
FN:20,(anonymous_3)
FNF:4
FNH:4
FNDA:3,(anonymous_0)
FNDA:12,(anonymous_1)
FNDA:2,(anonymous_2)
FNDA:10,(anonymous_3)
DA:4,1
DA:5,3
DA:7,3
DA:8,12
DA:11,3
DA:17,2
DA:21,10
LF:7
LH:7
BRF:0
BRH:0
end_of_record
TN:
SF:src/components/greetingForm/greetingForm.jsx
FN:4,(anonymous_0)
FN:8,(anonymous_1)
FN:21,(anonymous_2)
FNF:3
FNH:3
FNDA:3,(anonymous_0)
FNDA:1,(anonymous_1)
FNDA:1,(anonymous_2)
DA:4,1
DA:5,3
DA:6,3
DA:8,3
DA:9,1
DA:10,1
DA:13,3
DA:21,1
LF:8
LH:8
BRDA:25,0,0,3
BRDA:25,0,1,1
BRF:2
BRH:2
end_of_record
TN:
SF:src/components/helloWorld/HelloWorld.jsx
FN:3,(anonymous_0)
FN:7,(anonymous_1)
FNF:2
FNH:1
FNDA:0,(anonymous_0)
FNDA:1,(anonymous_1)
DA:3,1
DA:4,0
DA:7,1
DA:8,1
LF:4
LH:3
BRF:0
BRH:0
end_of_record
TN:
SF:src/components/todoList/todoList.jsx
FN:3,(anonymous_0)
FN:7,(anonymous_1)
FN:15,(anonymous_2)
FN:22,(anonymous_3)
FNF:4
FNH:4
FNDA:4,(anonymous_0)
FNDA:1,(anonymous_1)
FNDA:9,(anonymous_2)
FNDA:1,(anonymous_3)
DA:3,1
DA:4,4
DA:5,4
DA:7,4
DA:8,1
DA:9,1
DA:12,4
DA:16,9
DA:22,1
LF:9
LH:9
BRF:0
BRH:0
end_of_record
TN:
SF:src/components/toggleDetails/toggleDetails.jsx
FN:4,(anonymous_0)
FN:9,(anonymous_1)
FN:9,(anonymous_2)
FNF:3
FNH:3
FNDA:3,(anonymous_0)
FNDA:2,(anonymous_1)
FNDA:2,(anonymous_2)
DA:4,1
DA:5,3
DA:7,3
DA:9,2
LF:4
LH:4
BRDA:10,0,0,1
BRDA:10,0,1,2
BRDA:12,1,0,3
BRDA:12,1,1,1
BRF:4
BRH:4
end_of_record
TN:
SF:src/components/userList/userList.jsx
FN:4,(anonymous_0)
FN:8,(anonymous_1)
FN:10,(anonymous_2)
FN:11,(anonymous_3)
FN:23,(anonymous_4)
FNF:5
FNH:5
FNDA:2,(anonymous_0)
FNDA:1,(anonymous_1)
FNDA:1,(anonymous_2)
FNDA:1,(anonymous_3)
FNDA:1,(anonymous_4)
DA:4,1
DA:5,2
DA:6,2
DA:8,2
DA:9,1
DA:10,1
DA:12,1
DA:13,1
DA:17,2
DA:18,1
DA:21,1
DA:24,1
LF:12
LH:12
BRDA:17,0,0,1
BRDA:17,0,1,1
BRF:2
BRH:2
end_of_record
